<?xml version="1.0" encoding="UTF-8"?>
<!-- Generated by org.testng.reporters.JUnitXMLReporter -->
<testsuite ignored="0" hostname="enterpi-H110M-H" failures="2" tests="35" name="Permission Test Cases in Admin Module" time="1341.74" errors="0" timestamp="2023-06-01T17:27:45 IST">
  <testcase classname="testcases.PermissionsTestCases_AdminTabs" name="testCase1" time="28.617"/>
  <testcase classname="testcases.PermissionsTestCases_AdminTabs" name="testCase2" time="35.345"/>
  <testcase classname="testcases.PermissionsTestCases_AdminTabs" name="testCase3" time="36.307"/>
  <testcase classname="testcases.PermissionsTestCases_AdminTabs" name="testCase4" time="36.417"/>
  <testcase classname="testcases.PermissionsTestCases_AdminTabs" name="testCase5" time="34.869"/>
  <testcase classname="testcases.PermissionsTestCases_AdminTabs" name="testCase6" time="34.804"/>
  <testcase classname="testcases.PermissionsTestCases_AdminTabs" name="testCase7" time="36.068"/>
  <testcase classname="testcases.PermissionsTestCases_AdminTabs" name="testCase8" time="34.407"/>
  <testcase classname="testcases.PermissionsTestCases_AdminTabs" name="testCase9" time="35.684"/>
  <testcase classname="testcases.PermissionsTestCases_AdminTabs" name="testCase10" time="37.563"/>
  <testcase classname="testcases.PermissionsTestCases_AdminTabs" name="testCase11" time="36.802"/>
  <testcase classname="testcases.PermissionsTestCases_AdminTabs" name="testCase12" time="37.306"/>
  <testcase classname="testcases.PermissionsTestCases_AdminTabs" name="testCase13" time="35.531"/>
  <testcase classname="testcases.PermissionsTestCases_AdminTabs" name="testCase14" time="35.621"/>
  <testcase classname="testcases.PermissionsTestCases_AdminTabs" name="testCase15" time="36.098"/>
  <testcase classname="testcases.PermissionsTestCases_AdminTabs" name="testCase16" time="36.798"/>
  <testcase classname="testcases.PermissionsTestCases_AdminTabs" name="testCase17" time="37.513"/>
  <testcase classname="testcases.PermissionsTestCases_AdminTabs" name="testCase18" time="41.004"/>
  <testcase classname="testcases.PermissionsTestCases_AdminTabs" name="testCase19" time="40.331"/>
  <testcase classname="testcases.PermissionsTestCases_AdminTabs" name="testCase20" time="43.02"/>
  <testcase classname="testcases.PermissionsTestCases_AdminTabs" name="testCase21" time="41.828"/>
  <testcase classname="testcases.PermissionsTestCases_AdminTabs" name="testCase22" time="41.972"/>
  <testcase classname="testcases.PermissionsTestCases_AdminTabs" name="testCase23" time="41.429">
    <failure type="java.lang.AssertionError" message="expected [true] but found [false]">
      <![CDATA[java.lang.AssertionError: expected [true] but found [false]
at testcases.PermissionsTestCases_AdminTabs.testCase23(PermissionsTestCases_AdminTabs.java:282)
at java.base/java.util.ArrayList.forEach(ArrayList.java:1511)
... Removed 31 stack frames]]>
    </failure>
  </testcase> <!-- testCase23 -->
  <testcase classname="testcases.PermissionsTestCases_AdminTabs" name="testCase24" time="52.571"/>
  <testcase classname="testcases.PermissionsTestCases_AdminTabs" name="testCase25" time="41.499"/>
  <testcase classname="testcases.PermissionsTestCases_AdminTabs" name="testCase26" time="40.129"/>
  <testcase classname="testcases.PermissionsTestCases_AdminTabs" name="testCase27" time="39.18"/>
  <testcase classname="testcases.PermissionsTestCases_AdminTabs" name="testCase28" time="41.611"/>
  <testcase classname="testcases.PermissionsTestCases_AdminTabs" name="testCase29" time="42.031"/>
  <testcase classname="testcases.PermissionsTestCases_AdminTabs" name="testCase30" time="39.005"/>
  <testcase classname="testcases.PermissionsTestCases_AdminTabs" name="testCase31" time="39.834"/>
  <testcase classname="testcases.PermissionsTestCases_AdminTabs" name="testCase32" time="38.8"/>
  <testcase classname="testcases.PermissionsTestCases_AdminTabs" name="testCase33" time="37.541"/>
  <testcase classname="testcases.PermissionsTestCases_AdminTabs" name="testCase34" time="40.608"/>
  <testcase classname="testcases.PermissionsTestCases_AdminTabs" name="testCase35" time="22.542">
    <failure type="org.openqa.selenium.NoSuchElementException" message="no such element: Unable to locate element: {&amp;quot;method&amp;quot;:&amp;quot;xpath&amp;quot;,&amp;quot;selector&amp;quot;:&amp;quot;//*[@data-size=&amp;apos;large&amp;apos;]&amp;quot;}
  (Session info: chrome=106.0.5249.119)
For documentation on this error, please visit: https://selenium.dev/exceptions/#no_such_element
Build info: version: &amp;apos;4.8.0&amp;apos;, revision: &amp;apos;267030adea&amp;apos;
System info: os.name: &amp;apos;Linux&amp;apos;, os.arch: &amp;apos;amd64&amp;apos;, os.version: &amp;apos;5.15.0-72-generic&amp;apos;, java.version: &amp;apos;17.0.5&amp;apos;
Driver info: org.openqa.selenium.chrome.ChromeDriver
Command: [b89519990aaad7b34d8cdbf05a6dbc95, findElement {using=xpath, value=//*[@data-size=&amp;apos;large&amp;apos;]}]
Capabilities {acceptInsecureCerts: false, browserName: chrome, browserVersion: 106.0.5249.119, chrome: {chromedriverVersion: 106.0.5249.61 (511755355844..., userDataDir: /tmp/.com.google.Chrome.EiJyWx}, goog:chromeOptions: {debuggerAddress: localhost:37721}, networkConnectionEnabled: false, pageLoadStrategy: normal, platformName: LINUX, proxy: Proxy(), se:cdp: ws://localhost:37721/devtoo..., se:cdpVersion: 106.0.5249.119, setWindowRect: true, strictFileInteractability: false, timeouts: {implicit: 0, pageLoad: 300000, script: 30000}, unhandledPromptBehavior: dismiss and notify, webauthn:extension:credBlob: true, webauthn:extension:largeBlob: true, webauthn:virtualAuthenticators: true}
Session ID: b89519990aaad7b34d8cdbf05a6dbc95">
      <![CDATA[org.openqa.selenium.NoSuchElementException: no such element: Unable to locate element: {"method":"xpath","selector":"//*[@data-size='large']"}
  (Session info: chrome=106.0.5249.119)
For documentation on this error, please visit: https://selenium.dev/exceptions/#no_such_element
Build info: version: '4.8.0', revision: '267030adea'
System info: os.name: 'Linux', os.arch: 'amd64', os.version: '5.15.0-72-generic', java.version: '17.0.5'
Driver info: org.openqa.selenium.chrome.ChromeDriver
Command: [b89519990aaad7b34d8cdbf05a6dbc95, findElement {using=xpath, value=//*[@data-size='large']}]
Capabilities {acceptInsecureCerts: false, browserName: chrome, browserVersion: 106.0.5249.119, chrome: {chromedriverVersion: 106.0.5249.61 (511755355844..., userDataDir: /tmp/.com.google.Chrome.EiJyWx}, goog:chromeOptions: {debuggerAddress: localhost:37721}, networkConnectionEnabled: false, pageLoadStrategy: normal, platformName: LINUX, proxy: Proxy(), se:cdp: ws://localhost:37721/devtoo..., se:cdpVersion: 106.0.5249.119, setWindowRect: true, strictFileInteractability: false, timeouts: {implicit: 0, pageLoad: 300000, script: 30000}, unhandledPromptBehavior: dismiss and notify, webauthn:extension:credBlob: true, webauthn:extension:largeBlob: true, webauthn:virtualAuthenticators: true}
Session ID: b89519990aaad7b34d8cdbf05a6dbc95
at org.openqa.selenium.remote.codec.w3c.W3CHttpResponseCodec.createException(W3CHttpResponseCodec.java:200)
at org.openqa.selenium.remote.codec.w3c.W3CHttpResponseCodec.decode(W3CHttpResponseCodec.java:133)
at org.openqa.selenium.remote.codec.w3c.W3CHttpResponseCodec.decode(W3CHttpResponseCodec.java:53)
at org.openqa.selenium.remote.HttpCommandExecutor.execute(HttpCommandExecutor.java:184)
at org.openqa.selenium.remote.service.DriverCommandExecutor.invokeExecute(DriverCommandExecutor.java:167)
at org.openqa.selenium.remote.service.DriverCommandExecutor.execute(DriverCommandExecutor.java:142)
at org.openqa.selenium.remote.RemoteWebDriver.execute(RemoteWebDriver.java:543)
at org.openqa.selenium.remote.ElementLocation$ElementFinder$2.findElement(ElementLocation.java:162)
at org.openqa.selenium.remote.ElementLocation.findElement(ElementLocation.java:60)
at org.openqa.selenium.remote.RemoteWebDriver.findElement(RemoteWebDriver.java:352)
at org.openqa.selenium.remote.RemoteWebDriver.findElement(RemoteWebDriver.java:344)
at libraries.Permissions.adminTabwithViewPermission(Permissions.java:130)
at testcases.PermissionsTestCases_AdminTabs.testCase35(PermissionsTestCases_AdminTabs.java:377)
at java.base/java.util.ArrayList.forEach(ArrayList.java:1511)
... Removed 31 stack frames]]>
    </failure>
  </testcase> <!-- testCase35 -->
</testsuite> <!-- Permission Test Cases in Admin Module -->
