<?xml version="1.0" encoding="UTF-8"?>
<!-- Generated by org.testng.reporters.JUnitXMLReporter -->
<testsuite ignored="0" hostname="enterpi-H110M-H" failures="2" tests="7" name="Permission Test Cases in SysPro Module" time="280.503" errors="0" timestamp="2023-06-01T18:09:11 IST">
  <testcase classname="testcases.PermissionsTestCases_SysProModule" name="testCase1" time="28.557">
    <failure type="java.lang.AssertionError" message="expected [true] but found [false]">
      <![CDATA[java.lang.AssertionError: expected [true] but found [false]
at testcases.PermissionsTestCases_SysProModule.testCase1(PermissionsTestCases_SysProModule.java:20)
at java.base/java.util.ArrayList.forEach(ArrayList.java:1511)
... Removed 31 stack frames]]>
    </failure>
  </testcase> <!-- testCase1 -->
  <testcase classname="testcases.PermissionsTestCases_SysProModule" name="testCase2" time="55.809">
    <failure type="org.openqa.selenium.TimeoutException" message="Expected condition failed: waiting for element to no longer be visible: By.xpath: //*[@viewBox=&amp;apos;0 0 16 16&amp;apos;] (tried for 30 second(s) with 500 milliseconds interval)
Build info: version: &amp;apos;4.8.0&amp;apos;, revision: &amp;apos;267030adea&amp;apos;
System info: os.name: &amp;apos;Linux&amp;apos;, os.arch: &amp;apos;amd64&amp;apos;, os.version: &amp;apos;5.15.0-72-generic&amp;apos;, java.version: &amp;apos;17.0.5&amp;apos;
Driver info: org.openqa.selenium.chrome.ChromeDriver
Capabilities {acceptInsecureCerts: false, browserName: chrome, browserVersion: 106.0.5249.119, chrome: {chromedriverVersion: 106.0.5249.61 (511755355844..., userDataDir: /tmp/.com.google.Chrome.QQ6DS5}, goog:chromeOptions: {debuggerAddress: localhost:41133}, networkConnectionEnabled: false, pageLoadStrategy: normal, platformName: LINUX, proxy: Proxy(), se:cdp: ws://localhost:41133/devtoo..., se:cdpVersion: 106.0.5249.119, setWindowRect: true, strictFileInteractability: false, timeouts: {implicit: 0, pageLoad: 300000, script: 30000}, unhandledPromptBehavior: dismiss and notify, webauthn:extension:credBlob: true, webauthn:extension:largeBlob: true, webauthn:virtualAuthenticators: true}
Session ID: 0755a1cc51c373fed16dfe3b3f7a331c">
      <![CDATA[org.openqa.selenium.TimeoutException: Expected condition failed: waiting for element to no longer be visible: By.xpath: //*[@viewBox='0 0 16 16'] (tried for 30 second(s) with 500 milliseconds interval)
Build info: version: '4.8.0', revision: '267030adea'
System info: os.name: 'Linux', os.arch: 'amd64', os.version: '5.15.0-72-generic', java.version: '17.0.5'
Driver info: org.openqa.selenium.chrome.ChromeDriver
Capabilities {acceptInsecureCerts: false, browserName: chrome, browserVersion: 106.0.5249.119, chrome: {chromedriverVersion: 106.0.5249.61 (511755355844..., userDataDir: /tmp/.com.google.Chrome.QQ6DS5}, goog:chromeOptions: {debuggerAddress: localhost:41133}, networkConnectionEnabled: false, pageLoadStrategy: normal, platformName: LINUX, proxy: Proxy(), se:cdp: ws://localhost:41133/devtoo..., se:cdpVersion: 106.0.5249.119, setWindowRect: true, strictFileInteractability: false, timeouts: {implicit: 0, pageLoad: 300000, script: 30000}, unhandledPromptBehavior: dismiss and notify, webauthn:extension:credBlob: true, webauthn:extension:largeBlob: true, webauthn:virtualAuthenticators: true}
Session ID: 0755a1cc51c373fed16dfe3b3f7a331c
at org.openqa.selenium.support.ui.WebDriverWait.timeoutException(WebDriverWait.java:87)
at org.openqa.selenium.support.ui.FluentWait.until(FluentWait.java:231)
at libraries.Permissions_SysPro_Pages.verifyInventoryPermissionAsNone(Permissions_SysPro_Pages.java:24)
at testcases.PermissionsTestCases_SysProModule.testCase2(PermissionsTestCases_SysProModule.java:27)
at java.base/java.util.ArrayList.forEach(ArrayList.java:1511)
... Removed 27 stack frames]]>
    </failure>
  </testcase> <!-- testCase2 -->
  <testcase classname="testcases.PermissionsTestCases_SysProModule" name="testCase3" time="35.849"/>
  <testcase classname="testcases.PermissionsTestCases_SysProModule" name="testCase4" time="37.846"/>
  <testcase classname="testcases.PermissionsTestCases_SysProModule" name="testCase5" time="36.092"/>
  <testcase classname="testcases.PermissionsTestCases_SysProModule" name="testCase6" time="38.027"/>
  <testcase classname="testcases.PermissionsTestCases_SysProModule" name="testCase7" time="37.88"/>
</testsuite> <!-- Permission Test Cases in SysPro Module -->
