<?xml version="1.0" encoding="UTF-8"?>
<!-- Generated by org.testng.reporters.JUnitXMLReporter -->
<testsuite ignored="0" hostname="enterpi-H110M-H" failures="5" tests="16" name="Permission Test Cases in Oranizations and Contacts Module" time="681.385" errors="0" timestamp="2023-06-01T15:37:14 IST">
  <testcase classname="testcases.PermissionsTestCases_Organizations" name="testCase1" time="31.535"/>
  <testcase classname="testcases.PermissionsTestCases_Organizations" name="testCase2" time="35.931">
    <failure type="org.openqa.selenium.NoSuchElementException" message="no such element: Unable to locate element: {&amp;quot;method&amp;quot;:&amp;quot;xpath&amp;quot;,&amp;quot;selector&amp;quot;:&amp;quot;//*[@class=&amp;apos;header-left&amp;apos;]&amp;quot;}
  (Session info: chrome=106.0.5249.119)
For documentation on this error, please visit: https://selenium.dev/exceptions/#no_such_element
Build info: version: &amp;apos;4.8.0&amp;apos;, revision: &amp;apos;267030adea&amp;apos;
System info: os.name: &amp;apos;Linux&amp;apos;, os.arch: &amp;apos;amd64&amp;apos;, os.version: &amp;apos;5.15.0-72-generic&amp;apos;, java.version: &amp;apos;17.0.5&amp;apos;
Driver info: org.openqa.selenium.chrome.ChromeDriver
Command: [3d863ce9ebee14c80c596688ef8466c8, findElement {using=xpath, value=//*[@class=&amp;apos;header-left&amp;apos;]}]
Capabilities {acceptInsecureCerts: false, browserName: chrome, browserVersion: 106.0.5249.119, chrome: {chromedriverVersion: 106.0.5249.61 (511755355844..., userDataDir: /tmp/.com.google.Chrome.fCNTQx}, goog:chromeOptions: {debuggerAddress: localhost:35637}, networkConnectionEnabled: false, pageLoadStrategy: normal, platformName: LINUX, proxy: Proxy(), se:cdp: ws://localhost:35637/devtoo..., se:cdpVersion: 106.0.5249.119, setWindowRect: true, strictFileInteractability: false, timeouts: {implicit: 0, pageLoad: 300000, script: 30000}, unhandledPromptBehavior: dismiss and notify, webauthn:extension:credBlob: true, webauthn:extension:largeBlob: true, webauthn:virtualAuthenticators: true}
Session ID: 3d863ce9ebee14c80c596688ef8466c8">
      <![CDATA[org.openqa.selenium.NoSuchElementException: no such element: Unable to locate element: {"method":"xpath","selector":"//*[@class='header-left']"}
  (Session info: chrome=106.0.5249.119)
For documentation on this error, please visit: https://selenium.dev/exceptions/#no_such_element
Build info: version: '4.8.0', revision: '267030adea'
System info: os.name: 'Linux', os.arch: 'amd64', os.version: '5.15.0-72-generic', java.version: '17.0.5'
Driver info: org.openqa.selenium.chrome.ChromeDriver
Command: [3d863ce9ebee14c80c596688ef8466c8, findElement {using=xpath, value=//*[@class='header-left']}]
Capabilities {acceptInsecureCerts: false, browserName: chrome, browserVersion: 106.0.5249.119, chrome: {chromedriverVersion: 106.0.5249.61 (511755355844..., userDataDir: /tmp/.com.google.Chrome.fCNTQx}, goog:chromeOptions: {debuggerAddress: localhost:35637}, networkConnectionEnabled: false, pageLoadStrategy: normal, platformName: LINUX, proxy: Proxy(), se:cdp: ws://localhost:35637/devtoo..., se:cdpVersion: 106.0.5249.119, setWindowRect: true, strictFileInteractability: false, timeouts: {implicit: 0, pageLoad: 300000, script: 30000}, unhandledPromptBehavior: dismiss and notify, webauthn:extension:credBlob: true, webauthn:extension:largeBlob: true, webauthn:virtualAuthenticators: true}
Session ID: 3d863ce9ebee14c80c596688ef8466c8
at org.openqa.selenium.remote.codec.w3c.W3CHttpResponseCodec.createException(W3CHttpResponseCodec.java:200)
at org.openqa.selenium.remote.codec.w3c.W3CHttpResponseCodec.decode(W3CHttpResponseCodec.java:133)
at org.openqa.selenium.remote.codec.w3c.W3CHttpResponseCodec.decode(W3CHttpResponseCodec.java:53)
at org.openqa.selenium.remote.HttpCommandExecutor.execute(HttpCommandExecutor.java:184)
at org.openqa.selenium.remote.service.DriverCommandExecutor.invokeExecute(DriverCommandExecutor.java:167)
at org.openqa.selenium.remote.service.DriverCommandExecutor.execute(DriverCommandExecutor.java:142)
at org.openqa.selenium.remote.RemoteWebDriver.execute(RemoteWebDriver.java:543)
at org.openqa.selenium.remote.ElementLocation$ElementFinder$2.findElement(ElementLocation.java:162)
at org.openqa.selenium.remote.ElementLocation.findElement(ElementLocation.java:60)
at org.openqa.selenium.remote.RemoteWebDriver.findElement(RemoteWebDriver.java:352)
at org.openqa.selenium.remote.RemoteWebDriver.findElement(RemoteWebDriver.java:344)
at libraries.Permissions.headerMenu(Permissions.java:180)
at libraries.Permissions.userTab(Permissions.java:23)
at libraries.Permissions.verifyAdminTabswithNonePermission(Permissions.java:34)
at libraries.Permissions_Organizations.verifyOrganizationsPermissionsAsNone(Permissions_Organizations.java:40)
at testcases.PermissionsTestCases_Organizations.testCase2(PermissionsTestCases_Organizations.java:27)
at java.base/java.util.ArrayList.forEach(ArrayList.java:1511)
... Removed 31 stack frames]]>
    </failure>
  </testcase> <!-- testCase2 -->
  <testcase classname="testcases.PermissionsTestCases_Organizations" name="testCase3" time="51.717"/>
  <testcase classname="testcases.PermissionsTestCases_Organizations" name="testCase4" time="46.473"/>
  <testcase classname="testcases.PermissionsTestCases_Organizations" name="testCase5" time="47.443"/>
  <testcase classname="testcases.PermissionsTestCases_Organizations" name="testCase6" time="46.507"/>
  <testcase classname="testcases.PermissionsTestCases_Organizations" name="testCase7" time="37.416">
    <failure type="java.lang.AssertionError" message="expected [true] but found [false]">
      <![CDATA[java.lang.AssertionError: expected [true] but found [false]
at testcases.PermissionsTestCases_Organizations.testCase7(PermissionsTestCases_Organizations.java:92)
at java.base/java.util.ArrayList.forEach(ArrayList.java:1511)
... Removed 31 stack frames]]>
    </failure>
  </testcase> <!-- testCase7 -->
  <testcase classname="testcases.PermissionsTestCases_Organizations" name="testCase8" time="36.105"/>
  <testcase classname="testcases.PermissionsTestCases_Organizations" name="testCase9" time="39.048"/>
  <testcase classname="testcases.PermissionsTestCases_Organizations" name="testCase10" time="43.528"/>
  <testcase classname="testcases.PermissionsTestCases_Organizations" name="testCase11" time="40.772"/>
  <testcase classname="testcases.PermissionsTestCases_Organizations" name="testCase12" time="44.377"/>
  <testcase classname="testcases.PermissionsTestCases_Organizations" name="testCase13" time="40.69"/>
  <testcase classname="testcases.PermissionsTestCases_Organizations" name="testCase14" time="42.33">
    <failure type="java.lang.AssertionError" message="expected [true] but found [false]">
      <![CDATA[java.lang.AssertionError: expected [true] but found [false]
at testcases.PermissionsTestCases_Organizations.testCase14(PermissionsTestCases_Organizations.java:176)
at java.base/java.util.ArrayList.forEach(ArrayList.java:1511)
... Removed 31 stack frames]]>
    </failure>
  </testcase> <!-- testCase14 -->
  <testcase classname="testcases.PermissionsTestCases_Organizations" name="testCase15" time="38.77">
    <failure type="java.lang.AssertionError" message="expected [true] but found [false]">
      <![CDATA[java.lang.AssertionError: expected [true] but found [false]
at testcases.PermissionsTestCases_Organizations.testCase15(PermissionsTestCases_Organizations.java:188)
at java.base/java.util.ArrayList.forEach(ArrayList.java:1511)
... Removed 31 stack frames]]>
    </failure>
  </testcase> <!-- testCase15 -->
  <testcase classname="testcases.PermissionsTestCases_Organizations" name="testCase16" time="39.0">
    <failure type="java.lang.AssertionError" message="expected [true] but found [false]">
      <![CDATA[java.lang.AssertionError: expected [true] but found [false]
at testcases.PermissionsTestCases_Organizations.testCase16(PermissionsTestCases_Organizations.java:200)
at java.base/java.util.ArrayList.forEach(ArrayList.java:1511)
... Removed 31 stack frames]]>
    </failure>
  </testcase> <!-- testCase16 -->
</testsuite> <!-- Permission Test Cases in Oranizations and Contacts Module -->
