<?xml version="1.0" encoding="UTF-8"?>
<!-- Generated by org.testng.reporters.JUnitXMLReporter -->
<testsuite ignored="0" hostname="enterpi-H110M-H" failures="1" tests="4" name="Permission Test Cases in Repair Module" time="203.54" errors="0" timestamp="2023-05-31T13:07:22 IST">
  <testcase classname="testcases.PermissionsTestCasesForRepairModule" name="testCase1" time="28.737"/>
  <testcase classname="testcases.PermissionsTestCasesForRepairModule" name="testCase2" time="35.409"/>
  <testcase classname="testcases.PermissionsTestCasesForRepairModule" name="testCase3" time="87.072"/>
  <testcase classname="testcases.PermissionsTestCasesForRepairModule" name="testCase4" time="42.066">
    <failure type="org.openqa.selenium.ElementNotInteractableException" message="element not interactable
  (Session info: chrome=106.0.5249.119)
Build info: version: &amp;apos;4.8.0&amp;apos;, revision: &amp;apos;267030adea&amp;apos;
System info: os.name: &amp;apos;Linux&amp;apos;, os.arch: &amp;apos;amd64&amp;apos;, os.version: &amp;apos;5.15.0-72-generic&amp;apos;, java.version: &amp;apos;17.0.5&amp;apos;
Driver info: org.openqa.selenium.chrome.ChromeDriver
Command: [6bfd0a9eabb3580d10f2af8dfb3e37a3, sendKeysToElement {id=c2a07ba9-d034-4ef5-955e-23c52cd875d9, value=[Ljava.lang.CharSequence;@d0f8e64}]
Capabilities {acceptInsecureCerts: false, browserName: chrome, browserVersion: 106.0.5249.119, chrome: {chromedriverVersion: 106.0.5249.61 (511755355844..., userDataDir: /tmp/.com.google.Chrome.96oeya}, goog:chromeOptions: {debuggerAddress: localhost:43303}, networkConnectionEnabled: false, pageLoadStrategy: normal, platformName: LINUX, proxy: Proxy(), se:cdp: ws://localhost:43303/devtoo..., se:cdpVersion: 106.0.5249.119, setWindowRect: true, strictFileInteractability: false, timeouts: {implicit: 0, pageLoad: 300000, script: 30000}, unhandledPromptBehavior: dismiss and notify, webauthn:extension:credBlob: true, webauthn:extension:largeBlob: true, webauthn:virtualAuthenticators: true}
Element: [[ChromeDriver: chrome on LINUX (6bfd0a9eabb3580d10f2af8dfb3e37a3)] -&amp;gt; id: react-select-3-input]
Session ID: 6bfd0a9eabb3580d10f2af8dfb3e37a3">
      <![CDATA[org.openqa.selenium.ElementNotInteractableException: element not interactable
  (Session info: chrome=106.0.5249.119)
Build info: version: '4.8.0', revision: '267030adea'
System info: os.name: 'Linux', os.arch: 'amd64', os.version: '5.15.0-72-generic', java.version: '17.0.5'
Driver info: org.openqa.selenium.chrome.ChromeDriver
Command: [6bfd0a9eabb3580d10f2af8dfb3e37a3, sendKeysToElement {id=c2a07ba9-d034-4ef5-955e-23c52cd875d9, value=[Ljava.lang.CharSequence;@d0f8e64}]
Capabilities {acceptInsecureCerts: false, browserName: chrome, browserVersion: 106.0.5249.119, chrome: {chromedriverVersion: 106.0.5249.61 (511755355844..., userDataDir: /tmp/.com.google.Chrome.96oeya}, goog:chromeOptions: {debuggerAddress: localhost:43303}, networkConnectionEnabled: false, pageLoadStrategy: normal, platformName: LINUX, proxy: Proxy(), se:cdp: ws://localhost:43303/devtoo..., se:cdpVersion: 106.0.5249.119, setWindowRect: true, strictFileInteractability: false, timeouts: {implicit: 0, pageLoad: 300000, script: 30000}, unhandledPromptBehavior: dismiss and notify, webauthn:extension:credBlob: true, webauthn:extension:largeBlob: true, webauthn:virtualAuthenticators: true}
Element: [[ChromeDriver: chrome on LINUX (6bfd0a9eabb3580d10f2af8dfb3e37a3)] -> id: react-select-3-input]
Session ID: 6bfd0a9eabb3580d10f2af8dfb3e37a3
at org.openqa.selenium.remote.codec.w3c.W3CHttpResponseCodec.createException(W3CHttpResponseCodec.java:200)
at org.openqa.selenium.remote.codec.w3c.W3CHttpResponseCodec.decode(W3CHttpResponseCodec.java:133)
at org.openqa.selenium.remote.codec.w3c.W3CHttpResponseCodec.decode(W3CHttpResponseCodec.java:53)
at org.openqa.selenium.remote.HttpCommandExecutor.execute(HttpCommandExecutor.java:184)
at org.openqa.selenium.remote.service.DriverCommandExecutor.invokeExecute(DriverCommandExecutor.java:167)
at org.openqa.selenium.remote.service.DriverCommandExecutor.execute(DriverCommandExecutor.java:142)
at org.openqa.selenium.remote.RemoteWebDriver.execute(RemoteWebDriver.java:543)
at org.openqa.selenium.remote.RemoteWebElement.execute(RemoteWebElement.java:257)
at org.openqa.selenium.remote.RemoteWebElement.sendKeys(RemoteWebElement.java:113)
at libraries.RepairPages.createRMA(RepairPages.java:36)
at libraries.RepairPages.selectItemToRepair(RepairPages.java:65)
at libraries.RepairPages.assignLocation(RepairPages.java:125)
at libraries.RepairPages.assignTechnician(RepairPages.java:162)
at libraries.RepairPages.evaluateItem(RepairPages.java:200)
at libraries.Permissions_RepairPages.verifyAddToQuotePermissionAsYes(Permissions_RepairPages.java:108)
at testcases.PermissionsTestCasesForRepairModule.testCase4(PermissionsTestCasesForRepairModule.java:51)
at java.base/java.util.ArrayList.forEach(ArrayList.java:1511)
... Removed 32 stack frames]]>
    </failure>
  </testcase> <!-- testCase4 -->
</testsuite> <!-- Permission Test Cases in Repair Module -->
