<?xml version="1.0" encoding="UTF-8"?>
<!-- Generated by org.testng.reporters.JUnitXMLReporter -->
<testsuite ignored="0" hostname="enterpi-H110M-H" failures="2" tests="14" name="Repairs Test Cases" time="848.804" errors="0" timestamp="2023-05-15T19:01:58 IST">
  <testcase classname="testcases.RepairTestCases" name="testCase1" time="28.5"/>
  <testcase classname="testcases.RepairTestCases" name="testCase2" time="17.148">
    <failure type="org.openqa.selenium.StaleElementReferenceException" message="stale element reference: element is not attached to the page document
  (Session info: chrome=106.0.5249.119)
For documentation on this error, please visit: https://selenium.dev/exceptions/#stale_element_reference
Build info: version: &amp;apos;4.8.0&amp;apos;, revision: &amp;apos;267030adea&amp;apos;
System info: os.name: &amp;apos;Linux&amp;apos;, os.arch: &amp;apos;amd64&amp;apos;, os.version: &amp;apos;5.15.0-71-generic&amp;apos;, java.version: &amp;apos;17.0.5&amp;apos;
Driver info: org.openqa.selenium.chrome.ChromeDriver
Command: [360e3c6aba629fba2a85328a7db74c95, getElementText {id=189b0c5a-1877-4fcb-8aa2-8c87514de59a}]
Capabilities {acceptInsecureCerts: false, browserName: chrome, browserVersion: 106.0.5249.119, chrome: {chromedriverVersion: 106.0.5249.61 (511755355844..., userDataDir: /tmp/.com.google.Chrome.psSKLU}, goog:chromeOptions: {debuggerAddress: localhost:36711}, networkConnectionEnabled: false, pageLoadStrategy: normal, platformName: LINUX, proxy: Proxy(), se:cdp: ws://localhost:36711/devtoo..., se:cdpVersion: 106.0.5249.119, setWindowRect: true, strictFileInteractability: false, timeouts: {implicit: 0, pageLoad: 300000, script: 30000}, unhandledPromptBehavior: dismiss and notify, webauthn:extension:credBlob: true, webauthn:extension:largeBlob: true, webauthn:virtualAuthenticators: true}
Element: [[ChromeDriver: chrome on LINUX (360e3c6aba629fba2a85328a7db74c95)] -&amp;gt; xpath: //*[contains(@class,&amp;apos;css-4mp3pp-menu&amp;apos;)]]
Session ID: 360e3c6aba629fba2a85328a7db74c95">
      <![CDATA[org.openqa.selenium.StaleElementReferenceException: stale element reference: element is not attached to the page document
  (Session info: chrome=106.0.5249.119)
For documentation on this error, please visit: https://selenium.dev/exceptions/#stale_element_reference
Build info: version: '4.8.0', revision: '267030adea'
System info: os.name: 'Linux', os.arch: 'amd64', os.version: '5.15.0-71-generic', java.version: '17.0.5'
Driver info: org.openqa.selenium.chrome.ChromeDriver
Command: [360e3c6aba629fba2a85328a7db74c95, getElementText {id=189b0c5a-1877-4fcb-8aa2-8c87514de59a}]
Capabilities {acceptInsecureCerts: false, browserName: chrome, browserVersion: 106.0.5249.119, chrome: {chromedriverVersion: 106.0.5249.61 (511755355844..., userDataDir: /tmp/.com.google.Chrome.psSKLU}, goog:chromeOptions: {debuggerAddress: localhost:36711}, networkConnectionEnabled: false, pageLoadStrategy: normal, platformName: LINUX, proxy: Proxy(), se:cdp: ws://localhost:36711/devtoo..., se:cdpVersion: 106.0.5249.119, setWindowRect: true, strictFileInteractability: false, timeouts: {implicit: 0, pageLoad: 300000, script: 30000}, unhandledPromptBehavior: dismiss and notify, webauthn:extension:credBlob: true, webauthn:extension:largeBlob: true, webauthn:virtualAuthenticators: true}
Element: [[ChromeDriver: chrome on LINUX (360e3c6aba629fba2a85328a7db74c95)] -> xpath: //*[contains(@class,'css-4mp3pp-menu')]]
Session ID: 360e3c6aba629fba2a85328a7db74c95
at org.openqa.selenium.remote.codec.w3c.W3CHttpResponseCodec.createException(W3CHttpResponseCodec.java:200)
at org.openqa.selenium.remote.codec.w3c.W3CHttpResponseCodec.decode(W3CHttpResponseCodec.java:133)
at org.openqa.selenium.remote.codec.w3c.W3CHttpResponseCodec.decode(W3CHttpResponseCodec.java:53)
at org.openqa.selenium.remote.HttpCommandExecutor.execute(HttpCommandExecutor.java:184)
at org.openqa.selenium.remote.service.DriverCommandExecutor.invokeExecute(DriverCommandExecutor.java:167)
at org.openqa.selenium.remote.service.DriverCommandExecutor.execute(DriverCommandExecutor.java:142)
at org.openqa.selenium.remote.RemoteWebDriver.execute(RemoteWebDriver.java:543)
at org.openqa.selenium.remote.RemoteWebElement.execute(RemoteWebElement.java:257)
at org.openqa.selenium.remote.RemoteWebElement.getText(RemoteWebElement.java:207)
at libraries.QuotePages.selectDropDown(QuotePages.java:682)
at libraries.RepairPages.createRMA(RepairPages.java:32)
at libraries.RepairPages.selectItemToRepair(RepairPages.java:64)
at libraries.RepairPages.verifySelectItemsToRepair(RepairPages.java:71)
at testcases.RepairTestCases.testCase2(RepairTestCases.java:23)
at java.base/java.util.ArrayList.forEach(ArrayList.java:1511)
... Removed 32 stack frames]]>
    </failure>
  </testcase> <!-- testCase2 -->
  <testcase classname="testcases.RepairTestCases" name="testCase3" time="48.05"/>
  <testcase classname="testcases.RepairTestCases" name="testCase4" time="53.882"/>
  <testcase classname="testcases.RepairTestCases" name="testCase5" time="70.019"/>
  <testcase classname="testcases.RepairTestCases" name="testCase6" time="62.593"/>
  <testcase classname="testcases.RepairTestCases" name="testCase7" time="65.124"/>
  <testcase classname="testcases.RepairTestCases" name="testCase8" time="65.049"/>
  <testcase classname="testcases.RepairTestCases" name="testCase9" time="108.307"/>
  <testcase classname="testcases.RepairTestCases" name="testCase10" time="112.156"/>
  <testcase classname="testcases.RepairTestCases" name="testCase11" time="112.323"/>
  <testcase classname="testcases.RepairTestCases" name="testCase12" time="39.603"/>
  <testcase classname="testcases.RepairTestCases" name="testCase13" time="26.561">
    <failure type="java.lang.AssertionError" message="expected [true] but found [false]">
      <![CDATA[java.lang.AssertionError: expected [true] but found [false]
at testcases.RepairTestCases.testCase13(RepairTestCases.java:112)
at java.base/java.util.ArrayList.forEach(ArrayList.java:1511)
... Removed 31 stack frames]]>
    </failure>
  </testcase> <!-- testCase13 -->
  <testcase classname="testcases.RepairTestCases" name="testCase14" time="30.766"/>
</testsuite> <!-- Repairs Test Cases -->
