<?xml version="1.0" encoding="UTF-8"?>
<!-- Generated by org.testng.reporters.JUnitReportReporter -->
<testsuite hostname="enterpi-H110M-H" failures="0" tests="36" name="testcases.PermissionsTestCases_AdminTabs" time="24.914" errors="1" timestamp="2023-06-06T18:08:47 IST" skipped="35">
  <testcase classname="testcases.PermissionsTestCases_AdminTabs" name="login" time="24.912">
    <error message="Expected condition failed: waiting for visibility of element located by By.xpath: //*[@class=&#039;ag-center-cols-container&#039;] (tried for 20 second(s) with 500 milliseconds interval)
Build info: version: &#039;4.8.0&#039;, revision: &#039;267030adea&#039;
System info: os.name: &#039;Linux&#039;, os.arch: &#039;amd64&#039;, os.version: &#039;5.15.0-73-generic&#039;, java.version: &#039;17.0.5&#039;
Driver info: org.openqa.selenium.chrome.ChromeDriver
Capabilities {acceptInsecureCerts: false, browserName: chrome, browserVersion: 106.0.5249.119, chrome: {chromedriverVersion: 106.0.5249.61 (511755355844..., userDataDir: /tmp/.com.google.Chrome.m7Uoip}, goog:chromeOptions: {debuggerAddress: localhost:43331}, networkConnectionEnabled: false, pageLoadStrategy: normal, platformName: LINUX, proxy: Proxy(), se:cdp: ws://localhost:43331/devtoo..., se:cdpVersion: 106.0.5249.119, setWindowRect: true, strictFileInteractability: false, timeouts: {implicit: 0, pageLoad: 300000, script: 30000}, unhandledPromptBehavior: dismiss and notify, webauthn:extension:credBlob: true, webauthn:extension:largeBlob: true, webauthn:virtualAuthenticators: true}
Session ID: 1a5b5ab6e5398e571577164268b54759" type="org.openqa.selenium.TimeoutException">
      <![CDATA[org.openqa.selenium.TimeoutException: Expected condition failed: waiting for visibility of element located by By.xpath: //*[@class='ag-center-cols-container'] (tried for 20 second(s) with 500 milliseconds interval)
Build info: version: '4.8.0', revision: '267030adea'
System info: os.name: 'Linux', os.arch: 'amd64', os.version: '5.15.0-73-generic', java.version: '17.0.5'
Driver info: org.openqa.selenium.chrome.ChromeDriver
Capabilities {acceptInsecureCerts: false, browserName: chrome, browserVersion: 106.0.5249.119, chrome: {chromedriverVersion: 106.0.5249.61 (511755355844..., userDataDir: /tmp/.com.google.Chrome.m7Uoip}, goog:chromeOptions: {debuggerAddress: localhost:43331}, networkConnectionEnabled: false, pageLoadStrategy: normal, platformName: LINUX, proxy: Proxy(), se:cdp: ws://localhost:43331/devtoo..., se:cdpVersion: 106.0.5249.119, setWindowRect: true, strictFileInteractability: false, timeouts: {implicit: 0, pageLoad: 300000, script: 30000}, unhandledPromptBehavior: dismiss and notify, webauthn:extension:credBlob: true, webauthn:extension:largeBlob: true, webauthn:virtualAuthenticators: true}
Session ID: 1a5b5ab6e5398e571577164268b54759
at org.openqa.selenium.support.ui.WebDriverWait.timeoutException(WebDriverWait.java:87)
at org.openqa.selenium.support.ui.FluentWait.until(FluentWait.java:231)
at commonUtils.App.login(App.java:58)
at java.base/jdk.internal.reflect.NativeMethodAccessorImpl.invoke0(Native Method)
at java.base/jdk.internal.reflect.NativeMethodAccessorImpl.invoke(NativeMethodAccessorImpl.java:77)
at java.base/jdk.internal.reflect.DelegatingMethodAccessorImpl.invoke(DelegatingMethodAccessorImpl.java:43)
at java.base/java.lang.reflect.Method.invoke(Method.java:568)
at org.testng.internal.invokers.MethodInvocationHelper.invokeMethod(MethodInvocationHelper.java:139)
at org.testng.internal.invokers.MethodInvocationHelper.invokeMethodConsideringTimeout(MethodInvocationHelper.java:69)
at org.testng.internal.invokers.ConfigInvoker.invokeConfigurationMethod(ConfigInvoker.java:361)
at org.testng.internal.invokers.ConfigInvoker.invokeConfigurations(ConfigInvoker.java:296)
at org.testng.TestRunner.invokeTestConfigurations(TestRunner.java:644)
at org.testng.TestRunner.beforeRun(TestRunner.java:633)
at org.testng.TestRunner.run(TestRunner.java:595)
at org.testng.SuiteRunner.runTest(SuiteRunner.java:437)
at org.testng.SuiteRunner.runSequentially(SuiteRunner.java:431)
at org.testng.SuiteRunner.privateRun(SuiteRunner.java:391)
at org.testng.SuiteRunner.run(SuiteRunner.java:330)
at org.testng.SuiteRunnerWorker.runSuite(SuiteRunnerWorker.java:52)
at org.testng.SuiteRunnerWorker.run(SuiteRunnerWorker.java:95)
at org.testng.TestNG.runSuitesSequentially(TestNG.java:1256)
at org.testng.TestNG.runSuitesLocally(TestNG.java:1176)
at org.testng.TestNG.runSuites(TestNG.java:1099)
at org.testng.TestNG.run(TestNG.java:1067)
at org.testng.remote.AbstractRemoteTestNG.run(AbstractRemoteTestNG.java:115)
at org.testng.remote.RemoteTestNG.initAndRun(RemoteTestNG.java:251)
at org.testng.remote.RemoteTestNG.main(RemoteTestNG.java:77)
]]>
    </error>
  </testcase> <!-- login -->
  <system-out/>
  <testcase classname="testcases.PermissionsTestCases_AdminTabs" name="testCase1" time="0.000">
    <skipped/>
  </testcase> <!-- testCase1 -->
  <system-out/>
  <testcase classname="testcases.PermissionsTestCases_AdminTabs" name="testCase2" time="0.000">
    <skipped/>
  </testcase> <!-- testCase2 -->
  <system-out/>
  <testcase classname="testcases.PermissionsTestCases_AdminTabs" name="testCase3" time="0.000">
    <skipped/>
  </testcase> <!-- testCase3 -->
  <system-out/>
  <testcase classname="testcases.PermissionsTestCases_AdminTabs" name="testCase4" time="0.000">
    <skipped/>
  </testcase> <!-- testCase4 -->
  <system-out/>
  <testcase classname="testcases.PermissionsTestCases_AdminTabs" name="testCase5" time="0.000">
    <skipped/>
  </testcase> <!-- testCase5 -->
  <system-out/>
  <testcase classname="testcases.PermissionsTestCases_AdminTabs" name="testCase6" time="0.000">
    <skipped/>
  </testcase> <!-- testCase6 -->
  <system-out/>
  <testcase classname="testcases.PermissionsTestCases_AdminTabs" name="testCase7" time="0.000">
    <skipped/>
  </testcase> <!-- testCase7 -->
  <system-out/>
  <testcase classname="testcases.PermissionsTestCases_AdminTabs" name="testCase8" time="0.000">
    <skipped/>
  </testcase> <!-- testCase8 -->
  <system-out/>
  <testcase classname="testcases.PermissionsTestCases_AdminTabs" name="testCase9" time="0.000">
    <skipped/>
  </testcase> <!-- testCase9 -->
  <system-out/>
  <testcase classname="testcases.PermissionsTestCases_AdminTabs" name="testCase10" time="0.000">
    <skipped/>
  </testcase> <!-- testCase10 -->
  <system-out/>
  <testcase classname="testcases.PermissionsTestCases_AdminTabs" name="testCase11" time="0.000">
    <skipped/>
  </testcase> <!-- testCase11 -->
  <system-out/>
  <testcase classname="testcases.PermissionsTestCases_AdminTabs" name="testCase12" time="0.000">
    <skipped/>
  </testcase> <!-- testCase12 -->
  <system-out/>
  <testcase classname="testcases.PermissionsTestCases_AdminTabs" name="testCase13" time="0.000">
    <skipped/>
  </testcase> <!-- testCase13 -->
  <system-out/>
  <testcase classname="testcases.PermissionsTestCases_AdminTabs" name="testCase14" time="0.000">
    <skipped/>
  </testcase> <!-- testCase14 -->
  <system-out/>
  <testcase classname="testcases.PermissionsTestCases_AdminTabs" name="testCase15" time="0.000">
    <skipped/>
  </testcase> <!-- testCase15 -->
  <system-out/>
  <testcase classname="testcases.PermissionsTestCases_AdminTabs" name="testCase16" time="0.000">
    <skipped/>
  </testcase> <!-- testCase16 -->
  <system-out/>
  <testcase classname="testcases.PermissionsTestCases_AdminTabs" name="testCase17" time="0.000">
    <skipped/>
  </testcase> <!-- testCase17 -->
  <system-out/>
  <testcase classname="testcases.PermissionsTestCases_AdminTabs" name="testCase18" time="0.000">
    <skipped/>
  </testcase> <!-- testCase18 -->
  <system-out/>
  <testcase classname="testcases.PermissionsTestCases_AdminTabs" name="testCase19" time="0.000">
    <skipped/>
  </testcase> <!-- testCase19 -->
  <system-out/>
  <testcase classname="testcases.PermissionsTestCases_AdminTabs" name="testCase20" time="0.000">
    <skipped/>
  </testcase> <!-- testCase20 -->
  <system-out/>
  <testcase classname="testcases.PermissionsTestCases_AdminTabs" name="testCase21" time="0.000">
    <skipped/>
  </testcase> <!-- testCase21 -->
  <system-out/>
  <testcase classname="testcases.PermissionsTestCases_AdminTabs" name="testCase22" time="0.000">
    <skipped/>
  </testcase> <!-- testCase22 -->
  <system-out/>
  <testcase classname="testcases.PermissionsTestCases_AdminTabs" name="testCase23" time="0.000">
    <skipped/>
  </testcase> <!-- testCase23 -->
  <system-out/>
  <testcase classname="testcases.PermissionsTestCases_AdminTabs" name="testCase24" time="0.000">
    <skipped/>
  </testcase> <!-- testCase24 -->
  <system-out/>
  <testcase classname="testcases.PermissionsTestCases_AdminTabs" name="testCase25" time="0.000">
    <skipped/>
  </testcase> <!-- testCase25 -->
  <system-out/>
  <testcase classname="testcases.PermissionsTestCases_AdminTabs" name="testCase26" time="0.000">
    <skipped/>
  </testcase> <!-- testCase26 -->
  <system-out/>
  <testcase classname="testcases.PermissionsTestCases_AdminTabs" name="testCase27" time="0.000">
    <skipped/>
  </testcase> <!-- testCase27 -->
  <system-out/>
  <testcase classname="testcases.PermissionsTestCases_AdminTabs" name="testCase28" time="0.001">
    <skipped/>
  </testcase> <!-- testCase28 -->
  <system-out/>
  <testcase classname="testcases.PermissionsTestCases_AdminTabs" name="testCase29" time="0.000">
    <skipped/>
  </testcase> <!-- testCase29 -->
  <system-out/>
  <testcase classname="testcases.PermissionsTestCases_AdminTabs" name="testCase30" time="0.000">
    <skipped/>
  </testcase> <!-- testCase30 -->
  <system-out/>
  <testcase classname="testcases.PermissionsTestCases_AdminTabs" name="testCase31" time="0.001">
    <skipped/>
  </testcase> <!-- testCase31 -->
  <system-out/>
  <testcase classname="testcases.PermissionsTestCases_AdminTabs" name="testCase32" time="0.000">
    <skipped/>
  </testcase> <!-- testCase32 -->
  <system-out/>
  <testcase classname="testcases.PermissionsTestCases_AdminTabs" name="testCase33" time="0.000">
    <skipped/>
  </testcase> <!-- testCase33 -->
  <system-out/>
  <testcase classname="testcases.PermissionsTestCases_AdminTabs" name="testCase34" time="0.000">
    <skipped/>
  </testcase> <!-- testCase34 -->
  <system-out/>
  <testcase classname="testcases.PermissionsTestCases_AdminTabs" name="testCase35" time="0.000">
    <skipped/>
  </testcase> <!-- testCase35 -->
  <system-out/>
</testsuite> <!-- testcases.PermissionsTestCases_AdminTabs -->
